2026-06-05 14:06:40  [32mINFO[0m  src.logging_config              logging_config.py:85  Logging initialised — level=INFO  log_dir=/home/h0551user/Quant_research/logs
2026-06-05 14:07:07  [32mINFO[0m  src.logging_config              logging_config.py:85  Logging initialised — level=INFO  log_dir=/home/h0551user/Quant_research/logs
2026-06-05 14:07:24  [32mINFO[0m  src.logging_config              logging_config.py:85  Logging initialised — level=INFO  log_dir=/home/h0551user/Quant_research/logs
2026-06-05 14:08:07  [32mINFO[0m  src.logging_config              logging_config.py:85  Logging initialised — level=INFO  log_dir=/home/h0551user/Quant_research/logs
2026-06-05 14:08:21  [32mINFO[0m  src.logging_config              logging_config.py:85  Logging initialised — level=INFO  log_dir=/home/h0551user/Quant_research/logs
2026-06-05 14:08:52  [32mINFO[0m  src.logging_config              logging_config.py:85  Logging initialised — level=INFO  log_dir=/home/h0551user/Quant_research/logs
2026-06-05 14:11:36  [32mINFO[0m  src.logging_config              logging_config.py:85  Logging initialised — level=INFO  log_dir=/home/h0551user/Quant_research/logs
2026-06-05 14:11:47  [32mINFO[0m  src.logging_config              logging_config.py:85  Logging initialised — level=INFO  log_dir=/home/h0551user/Quant_research/logs
2026-06-05 14:12:01  [32mINFO[0m  src.logging_config              logging_config.py:85  Logging initialised — level=INFO  log_dir=/home/h0551user/Quant_research/logs
2026-06-05 14:12:10  [32mINFO[0m  src.logging_config              logging_config.py:85  Logging initialised — level=INFO  log_dir=/home/h0551user/Quant_research/logs
2026-06-05 14:12:20  [32mINFO[0m  src.logging_config              logging_config.py:85  Logging initialised — level=INFO  log_dir=/home/h0551user/Quant_research/logs
2026-06-05 14:12:28  [32mINFO[0m  src.logging_config              logging_config.py:85  Logging initialised — level=INFO  log_dir=/home/h0551user/Quant_research/logs
2026-06-05 14:12:39  [32mINFO[0m  src.logging_config              logging_config.py:85  Logging initialised — level=INFO  log_dir=/home/h0551user/Quant_research/logs
2026-06-05 14:14:32  [32mINFO[0m  src.web.app                     app.py:92  GET / → 200  (6 ms)
2026-06-05 14:14:33  [32mINFO[0m  src.web.app                     app.py:92  GET /api/exchanges → 200  (1 ms)
2026-06-05 14:14:33  [32mINFO[0m  src.web.app                     app.py:92  GET /api/symbols/nobitex → 200  (1 ms)
2026-06-05 14:14:33  [32mINFO[0m  src.web.app                     app.py:92  GET /api/inventory → 200  (88 ms)
2026-06-05 14:14:40  [32mINFO[0m  src.web.app                     app.py:92  GET /api/symbols/binance → 200  (2412 ms)
2026-06-05 14:14:46  [32mINFO[0m  src.web.app                     app.py:92  POST /api/download → 200  (2 ms)
2026-06-05 14:14:46  [32mINFO[0m  quant.download                  app.py:424  Download started  job=3474d04c-7aae-444e-8ce4-ed3c55e10fd9  exchange=binance  symbol=BTCUSDT  market=futures  tfs=['1h', '4h', '1d']
2026-06-05 14:14:46  [32mINFO[0m  quant.download                  app.py:437    [1/3] دانلود BTCUSDT 1h (futures) از binance...
2026-06-05 14:14:46  [32mINFO[0m  src.data.downloader             downloader.py:58  Downloading Binance bulk data: https://data.binance.vision/data/futures/um/monthly/klines/BTCUSDT/1h/BTCUSDT-1h-2023-01.zip
2026-06-05 14:14:46  [32mINFO[0m  src.web.app                     app.py:92  GET /api/jobs → 200  (2 ms)
2026-06-05 14:14:47  [32mINFO[0m  src.data.downloader             downloader.py:58  Downloading Binance bulk data: https://data.binance.vision/data/futures/um/monthly/klines/BTCUSDT/1h/BTCUSDT-1h-2023-02.zip
2026-06-05 14:14:48  [32mINFO[0m  src.data.downloader             downloader.py:58  Downloading Binance bulk data: https://data.binance.vision/data/futures/um/monthly/klines/BTCUSDT/1h/BTCUSDT-1h-2023-03.zip
2026-06-05 14:14:48  [32mINFO[0m  src.data.downloader             downloader.py:58  Downloading Binance bulk data: https://data.binance.vision/data/futures/um/monthly/klines/BTCUSDT/1h/BTCUSDT-1h-2023-04.zip
2026-06-05 14:14:48  [32mINFO[0m  src.data.downloader             downloader.py:58  Downloading Binance bulk data: https://data.binance.vision/data/futures/um/monthly/klines/BTCUSDT/1h/BTCUSDT-1h-2023-05.zip
2026-06-05 14:14:49  [32mINFO[0m  src.data.downloader             downloader.py:58  Downloading Binance bulk data: https://data.binance.vision/data/futures/um/monthly/klines/BTCUSDT/1h/BTCUSDT-1h-2023-06.zip
2026-06-05 14:14:49  [32mINFO[0m  src.data.downloader             downloader.py:58  Downloading Binance bulk data: https://data.binance.vision/data/futures/um/monthly/klines/BTCUSDT/1h/BTCUSDT-1h-2023-07.zip
2026-06-05 14:14:50  [32mINFO[0m  src.data.downloader             downloader.py:58  Downloading Binance bulk data: https://data.binance.vision/data/futures/um/monthly/klines/BTCUSDT/1h/BTCUSDT-1h-2023-08.zip
2026-06-05 14:14:50  [32mINFO[0m  src.data.downloader             downloader.py:58  Downloading Binance bulk data: https://data.binance.vision/data/futures/um/monthly/klines/BTCUSDT/1h/BTCUSDT-1h-2023-09.zip
2026-06-05 14:14:51  [32mINFO[0m  src.data.downloader             downloader.py:58  Downloading Binance bulk data: https://data.binance.vision/data/futures/um/monthly/klines/BTCUSDT/1h/BTCUSDT-1h-2023-10.zip
2026-06-05 14:14:51  [32mINFO[0m  src.data.downloader             downloader.py:58  Downloading Binance bulk data: https://data.binance.vision/data/futures/um/monthly/klines/BTCUSDT/1h/BTCUSDT-1h-2023-11.zip
2026-06-05 14:14:52  [32mINFO[0m  src.data.downloader             downloader.py:58  Downloading Binance bulk data: https://data.binance.vision/data/futures/um/monthly/klines/BTCUSDT/1h/BTCUSDT-1h-2023-12.zip
2026-06-05 14:14:53  [32mINFO[0m  src.data.downloader             downloader.py:58  Downloading Binance bulk data: https://data.binance.vision/data/futures/um/monthly/klines/BTCUSDT/1h/BTCUSDT-1h-2024-01.zip
2026-06-05 14:14:53  [32mINFO[0m  src.data.downloader             downloader.py:58  Downloading Binance bulk data: https://data.binance.vision/data/futures/um/monthly/klines/BTCUSDT/1h/BTCUSDT-1h-2024-02.zip
2026-06-05 14:14:53  [32mINFO[0m  src.data.downloader             downloader.py:58  Downloading Binance bulk data: https://data.binance.vision/data/futures/um/monthly/klines/BTCUSDT/1h/BTCUSDT-1h-2024-03.zip
2026-06-05 14:14:54  [32mINFO[0m  src.data.downloader             downloader.py:58  Downloading Binance bulk data: https://data.binance.vision/data/futures/um/monthly/klines/BTCUSDT/1h/BTCUSDT-1h-2024-04.zip
2026-06-05 14:14:55  [32mINFO[0m  src.data.downloader             downloader.py:58  Downloading Binance bulk data: https://data.binance.vision/data/futures/um/monthly/klines/BTCUSDT/1h/BTCUSDT-1h-2024-05.zip
2026-06-05 14:14:55  [32mINFO[0m  src.data.downloader             downloader.py:58  Downloading Binance bulk data: https://data.binance.vision/data/futures/um/monthly/klines/BTCUSDT/1h/BTCUSDT-1h-2024-06.zip
2026-06-05 14:14:56  [32mINFO[0m  src.data.downloader             downloader.py:58  Downloading Binance bulk data: https://data.binance.vision/data/futures/um/monthly/klines/BTCUSDT/1h/BTCUSDT-1h-2024-07.zip
2026-06-05 14:14:57  [32mINFO[0m  src.data.downloader             downloader.py:58  Downloading Binance bulk data: https://data.binance.vision/data/futures/um/monthly/klines/BTCUSDT/1h/BTCUSDT-1h-2024-08.zip
2026-06-05 14:14:57  [32mINFO[0m  src.data.downloader             downloader.py:58  Downloading Binance bulk data: https://data.binance.vision/data/futures/um/monthly/klines/BTCUSDT/1h/BTCUSDT-1h-2024-09.zip
2026-06-05 14:14:57  [32mINFO[0m  src.data.downloader             downloader.py:58  Downloading Binance bulk data: https://data.binance.vision/data/futures/um/monthly/klines/BTCUSDT/1h/BTCUSDT-1h-2024-10.zip
2026-06-05 14:14:58  [32mINFO[0m  src.data.downloader             downloader.py:58  Downloading Binance bulk data: https://data.binance.vision/data/futures/um/monthly/klines/BTCUSDT/1h/BTCUSDT-1h-2024-11.zip
2026-06-05 14:14:59  [32mINFO[0m  src.data.downloader             downloader.py:58  Downloading Binance bulk data: https://data.binance.vision/data/futures/um/monthly/klines/BTCUSDT/1h/BTCUSDT-1h-2024-12.zip
2026-06-05 14:15:00  [32mINFO[0m  src.data.downloader             downloader.py:58  Downloading Binance bulk data: https://data.binance.vision/data/futures/um/monthly/klines/BTCUSDT/1h/BTCUSDT-1h-2025-01.zip
2026-06-05 14:15:00  [32mINFO[0m  src.data.downloader             downloader.py:58  Downloading Binance bulk data: https://data.binance.vision/data/futures/um/monthly/klines/BTCUSDT/1h/BTCUSDT-1h-2025-02.zip
2026-06-05 14:15:01  [32mINFO[0m  src.data.downloader             downloader.py:58  Downloading Binance bulk data: https://data.binance.vision/data/futures/um/monthly/klines/BTCUSDT/1h/BTCUSDT-1h-2025-03.zip
2026-06-05 14:15:01  [32mINFO[0m  src.data.downloader             downloader.py:58  Downloading Binance bulk data: https://data.binance.vision/data/futures/um/monthly/klines/BTCUSDT/1h/BTCUSDT-1h-2025-04.zip
2026-06-05 14:15:02  [32mINFO[0m  src.data.downloader             downloader.py:58  Downloading Binance bulk data: https://data.binance.vision/data/futures/um/monthly/klines/BTCUSDT/1h/BTCUSDT-1h-2025-05.zip
2026-06-05 14:15:03  [32mINFO[0m  src.data.downloader             downloader.py:58  Downloading Binance bulk data: https://data.binance.vision/data/futures/um/monthly/klines/BTCUSDT/1h/BTCUSDT-1h-2025-06.zip
2026-06-05 14:15:04  [32mINFO[0m  src.data.downloader             downloader.py:58  Downloading Binance bulk data: https://data.binance.vision/data/futures/um/monthly/klines/BTCUSDT/1h/BTCUSDT-1h-2025-07.zip
2026-06-05 14:15:05  [32mINFO[0m  src.data.downloader             downloader.py:58  Downloading Binance bulk data: https://data.binance.vision/data/futures/um/monthly/klines/BTCUSDT/1h/BTCUSDT-1h-2025-08.zip
2026-06-05 14:15:06  [32mINFO[0m  src.data.downloader             downloader.py:58  Downloading Binance bulk data: https://data.binance.vision/data/futures/um/monthly/klines/BTCUSDT/1h/BTCUSDT-1h-2025-09.zip
2026-06-05 14:15:06  [32mINFO[0m  src.data.downloader             downloader.py:58  Downloading Binance bulk data: https://data.binance.vision/data/futures/um/monthly/klines/BTCUSDT/1h/BTCUSDT-1h-2025-10.zip
2026-06-05 14:15:06  [32mINFO[0m  src.data.downloader             downloader.py:58  Downloading Binance bulk data: https://data.binance.vision/data/futures/um/monthly/klines/BTCUSDT/1h/BTCUSDT-1h-2025-11.zip
2026-06-05 14:15:07  [32mINFO[0m  src.data.downloader             downloader.py:58  Downloading Binance bulk data: https://data.binance.vision/data/futures/um/monthly/klines/BTCUSDT/1h/BTCUSDT-1h-2025-12.zip
2026-06-05 14:15:07  [32mINFO[0m  src.data.downloader             downloader.py:58  Downloading Binance bulk data: https://data.binance.vision/data/futures/um/monthly/klines/BTCUSDT/1h/BTCUSDT-1h-2026-01.zip
2026-06-05 14:15:08  [32mINFO[0m  src.data.downloader             downloader.py:58  Downloading Binance bulk data: https://data.binance.vision/data/futures/um/monthly/klines/BTCUSDT/1h/BTCUSDT-1h-2026-02.zip
2026-06-05 14:15:08  [32mINFO[0m  src.data.downloader             downloader.py:58  Downloading Binance bulk data: https://data.binance.vision/data/futures/um/monthly/klines/BTCUSDT/1h/BTCUSDT-1h-2026-03.zip
2026-06-05 14:15:09  [32mINFO[0m  src.data.downloader             downloader.py:58  Downloading Binance bulk data: https://data.binance.vision/data/futures/um/monthly/klines/BTCUSDT/1h/BTCUSDT-1h-2026-04.zip
2026-06-05 14:15:10  [32mINFO[0m  src.data.downloader             downloader.py:58  Downloading Binance bulk data: https://data.binance.vision/data/futures/um/monthly/klines/BTCUSDT/1h/BTCUSDT-1h-2026-05.zip
2026-06-05 14:15:10  [32mINFO[0m  src.data.downloader             downloader.py:58  Downloading Binance bulk data: https://data.binance.vision/data/futures/um/monthly/klines/BTCUSDT/1h/BTCUSDT-1h-2026-06.zip
2026-06-05 14:15:10  [33mWARNING[0m  src.data.downloader             downloader.py:150  Bulk file unavailable for 2026-06; using CCXT fallback
2026-06-05 14:15:13  [32mINFO[0m  quant.download                  app.py:437    [2/3] دانلود BTCUSDT 4h (futures) از binance...
2026-06-05 14:15:13  [32mINFO[0m  src.data.downloader             downloader.py:58  Downloading Binance bulk data: https://data.binance.vision/data/futures/um/monthly/klines/BTCUSDT/4h/BTCUSDT-4h-2023-01.zip
2026-06-05 14:15:13  [32mINFO[0m  src.data.downloader             downloader.py:58  Downloading Binance bulk data: https://data.binance.vision/data/futures/um/monthly/klines/BTCUSDT/4h/BTCUSDT-4h-2023-02.zip
2026-06-05 14:15:14  [32mINFO[0m  src.data.downloader             downloader.py:58  Downloading Binance bulk data: https://data.binance.vision/data/futures/um/monthly/klines/BTCUSDT/4h/BTCUSDT-4h-2023-03.zip
2026-06-05 14:15:14  [32mINFO[0m  src.data.downloader             downloader.py:58  Downloading Binance bulk data: https://data.binance.vision/data/futures/um/monthly/klines/BTCUSDT/4h/BTCUSDT-4h-2023-04.zip
2026-06-05 14:15:15  [32mINFO[0m  src.data.downloader             downloader.py:58  Downloading Binance bulk data: https://data.binance.vision/data/futures/um/monthly/klines/BTCUSDT/4h/BTCUSDT-4h-2023-05.zip
2026-06-05 14:15:15  [32mINFO[0m  src.data.downloader             downloader.py:58  Downloading Binance bulk data: https://data.binance.vision/data/futures/um/monthly/klines/BTCUSDT/4h/BTCUSDT-4h-2023-06.zip
2026-06-05 14:15:16  [32mINFO[0m  src.data.downloader             downloader.py:58  Downloading Binance bulk data: https://data.binance.vision/data/futures/um/monthly/klines/BTCUSDT/4h/BTCUSDT-4h-2023-07.zip
2026-06-05 14:15:16  [32mINFO[0m  src.data.downloader             downloader.py:58  Downloading Binance bulk data: https://data.binance.vision/data/futures/um/monthly/klines/BTCUSDT/4h/BTCUSDT-4h-2023-08.zip
2026-06-05 14:15:16  [32mINFO[0m  src.data.downloader             downloader.py:58  Downloading Binance bulk data: https://data.binance.vision/data/futures/um/monthly/klines/BTCUSDT/4h/BTCUSDT-4h-2023-09.zip
2026-06-05 14:15:17  [32mINFO[0m  src.data.downloader             downloader.py:58  Downloading Binance bulk data: https://data.binance.vision/data/futures/um/monthly/klines/BTCUSDT/4h/BTCUSDT-4h-2023-10.zip
2026-06-05 14:15:17  [32mINFO[0m  src.data.downloader             downloader.py:58  Downloading Binance bulk data: https://data.binance.vision/data/futures/um/monthly/klines/BTCUSDT/4h/BTCUSDT-4h-2023-11.zip
2026-06-05 14:15:17  [32mINFO[0m  src.data.downloader             downloader.py:58  Downloading Binance bulk data: https://data.binance.vision/data/futures/um/monthly/klines/BTCUSDT/4h/BTCUSDT-4h-2023-12.zip
2026-06-05 14:15:18  [32mINFO[0m  src.data.downloader             downloader.py:58  Downloading Binance bulk data: https://data.binance.vision/data/futures/um/monthly/klines/BTCUSDT/4h/BTCUSDT-4h-2024-01.zip
2026-06-05 14:15:18  [32mINFO[0m  src.data.downloader             downloader.py:58  Downloading Binance bulk data: https://data.binance.vision/data/futures/um/monthly/klines/BTCUSDT/4h/BTCUSDT-4h-2024-02.zip
2026-06-05 14:15:18  [32mINFO[0m  src.data.downloader             downloader.py:58  Downloading Binance bulk data: https://data.binance.vision/data/futures/um/monthly/klines/BTCUSDT/4h/BTCUSDT-4h-2024-03.zip
2026-06-05 14:15:19  [32mINFO[0m  src.data.downloader             downloader.py:58  Downloading Binance bulk data: https://data.binance.vision/data/futures/um/monthly/klines/BTCUSDT/4h/BTCUSDT-4h-2024-04.zip
2026-06-05 14:15:19  [32mINFO[0m  src.data.downloader             downloader.py:58  Downloading Binance bulk data: https://data.binance.vision/data/futures/um/monthly/klines/BTCUSDT/4h/BTCUSDT-4h-2024-05.zip
2026-06-05 14:15:19  [32mINFO[0m  src.data.downloader             downloader.py:58  Downloading Binance bulk data: https://data.binance.vision/data/futures/um/monthly/klines/BTCUSDT/4h/BTCUSDT-4h-2024-06.zip
2026-06-05 14:15:20  [32mINFO[0m  src.data.downloader             downloader.py:58  Downloading Binance bulk data: https://data.binance.vision/data/futures/um/monthly/klines/BTCUSDT/4h/BTCUSDT-4h-2024-07.zip
2026-06-05 14:15:20  [32mINFO[0m  src.data.downloader             downloader.py:58  Downloading Binance bulk data: https://data.binance.vision/data/futures/um/monthly/klines/BTCUSDT/4h/BTCUSDT-4h-2024-08.zip
2026-06-05 14:15:21  [32mINFO[0m  src.data.downloader             downloader.py:58  Downloading Binance bulk data: https://data.binance.vision/data/futures/um/monthly/klines/BTCUSDT/4h/BTCUSDT-4h-2024-09.zip
2026-06-05 14:15:21  [32mINFO[0m  src.data.downloader             downloader.py:58  Downloading Binance bulk data: https://data.binance.vision/data/futures/um/monthly/klines/BTCUSDT/4h/BTCUSDT-4h-2024-10.zip
2026-06-05 14:15:21  [32mINFO[0m  src.data.downloader             downloader.py:58  Downloading Binance bulk data: https://data.binance.vision/data/futures/um/monthly/klines/BTCUSDT/4h/BTCUSDT-4h-2024-11.zip
2026-06-05 14:15:22  [32mINFO[0m  src.data.downloader             downloader.py:58  Downloading Binance bulk data: https://data.binance.vision/data/futures/um/monthly/klines/BTCUSDT/4h/BTCUSDT-4h-2024-12.zip
2026-06-05 14:15:22  [32mINFO[0m  src.data.downloader             downloader.py:58  Downloading Binance bulk data: https://data.binance.vision/data/futures/um/monthly/klines/BTCUSDT/4h/BTCUSDT-4h-2025-01.zip
2026-06-05 14:15:23  [32mINFO[0m  src.data.downloader             downloader.py:58  Downloading Binance bulk data: https://data.binance.vision/data/futures/um/monthly/klines/BTCUSDT/4h/BTCUSDT-4h-2025-02.zip
2026-06-05 14:15:23  [32mINFO[0m  src.data.downloader             downloader.py:58  Downloading Binance bulk data: https://data.binance.vision/data/futures/um/monthly/klines/BTCUSDT/4h/BTCUSDT-4h-2025-03.zip
2026-06-05 14:15:24  [32mINFO[0m  src.data.downloader             downloader.py:58  Downloading Binance bulk data: https://data.binance.vision/data/futures/um/monthly/klines/BTCUSDT/4h/BTCUSDT-4h-2025-04.zip
2026-06-05 14:15:25  [32mINFO[0m  src.data.downloader             downloader.py:58  Downloading Binance bulk data: https://data.binance.vision/data/futures/um/monthly/klines/BTCUSDT/4h/BTCUSDT-4h-2025-05.zip
2026-06-05 14:15:25  [32mINFO[0m  src.data.downloader             downloader.py:58  Downloading Binance bulk data: https://data.binance.vision/data/futures/um/monthly/klines/BTCUSDT/4h/BTCUSDT-4h-2025-06.zip
2026-06-05 14:15:26  [32mINFO[0m  src.data.downloader             downloader.py:58  Downloading Binance bulk data: https://data.binance.vision/data/futures/um/monthly/klines/BTCUSDT/4h/BTCUSDT-4h-2025-07.zip
2026-06-05 14:15:26  [32mINFO[0m  src.data.downloader             downloader.py:58  Downloading Binance bulk data: https://data.binance.vision/data/futures/um/monthly/klines/BTCUSDT/4h/BTCUSDT-4h-2025-08.zip
2026-06-05 14:15:27  [32mINFO[0m  src.data.downloader             downloader.py:58  Downloading Binance bulk data: https://data.binance.vision/data/futures/um/monthly/klines/BTCUSDT/4h/BTCUSDT-4h-2025-09.zip
2026-06-05 14:15:28  [32mINFO[0m  src.data.downloader             downloader.py:58  Downloading Binance bulk data: https://data.binance.vision/data/futures/um/monthly/klines/BTCUSDT/4h/BTCUSDT-4h-2025-10.zip
2026-06-05 14:15:29  [32mINFO[0m  src.data.downloader             downloader.py:58  Downloading Binance bulk data: https://data.binance.vision/data/futures/um/monthly/klines/BTCUSDT/4h/BTCUSDT-4h-2025-11.zip
2026-06-05 14:15:29  [32mINFO[0m  src.data.downloader             downloader.py:58  Downloading Binance bulk data: https://data.binance.vision/data/futures/um/monthly/klines/BTCUSDT/4h/BTCUSDT-4h-2025-12.zip
2026-06-05 14:15:29  [32mINFO[0m  src.data.downloader             downloader.py:58  Downloading Binance bulk data: https://data.binance.vision/data/futures/um/monthly/klines/BTCUSDT/4h/BTCUSDT-4h-2026-01.zip
2026-06-05 14:15:30  [32mINFO[0m  src.data.downloader             downloader.py:58  Downloading Binance bulk data: https://data.binance.vision/data/futures/um/monthly/klines/BTCUSDT/4h/BTCUSDT-4h-2026-02.zip
2026-06-05 14:15:30  [32mINFO[0m  src.data.downloader             downloader.py:58  Downloading Binance bulk data: https://data.binance.vision/data/futures/um/monthly/klines/BTCUSDT/4h/BTCUSDT-4h-2026-03.zip
2026-06-05 14:15:30  [32mINFO[0m  src.data.downloader             downloader.py:58  Downloading Binance bulk data: https://data.binance.vision/data/futures/um/monthly/klines/BTCUSDT/4h/BTCUSDT-4h-2026-04.zip
2026-06-05 14:15:31  [32mINFO[0m  src.data.downloader             downloader.py:58  Downloading Binance bulk data: https://data.binance.vision/data/futures/um/monthly/klines/BTCUSDT/4h/BTCUSDT-4h-2026-05.zip
2026-06-05 14:15:31  [32mINFO[0m  src.data.downloader             downloader.py:58  Downloading Binance bulk data: https://data.binance.vision/data/futures/um/monthly/klines/BTCUSDT/4h/BTCUSDT-4h-2026-06.zip
2026-06-05 14:15:31  [33mWARNING[0m  src.data.downloader             downloader.py:150  Bulk file unavailable for 2026-06; using CCXT fallback
2026-06-05 14:15:34  [32mINFO[0m  quant.download                  app.py:437    [3/3] دانلود BTCUSDT 1d (futures) از binance...
2026-06-05 14:15:34  [32mINFO[0m  src.data.downloader             downloader.py:58  Downloading Binance bulk data: https://data.binance.vision/data/futures/um/monthly/klines/BTCUSDT/1d/BTCUSDT-1d-2023-01.zip
2026-06-05 14:15:35  [32mINFO[0m  src.data.downloader             downloader.py:58  Downloading Binance bulk data: https://data.binance.vision/data/futures/um/monthly/klines/BTCUSDT/1d/BTCUSDT-1d-2023-02.zip
2026-06-05 14:15:35  [32mINFO[0m  src.data.downloader             downloader.py:58  Downloading Binance bulk data: https://data.binance.vision/data/futures/um/monthly/klines/BTCUSDT/1d/BTCUSDT-1d-2023-03.zip
2026-06-05 14:15:36  [32mINFO[0m  src.data.downloader             downloader.py:58  Downloading Binance bulk data: https://data.binance.vision/data/futures/um/monthly/klines/BTCUSDT/1d/BTCUSDT-1d-2023-04.zip
2026-06-05 14:15:36  [32mINFO[0m  src.data.downloader             downloader.py:58  Downloading Binance bulk data: https://data.binance.vision/data/futures/um/monthly/klines/BTCUSDT/1d/BTCUSDT-1d-2023-05.zip
2026-06-05 14:15:36  [32mINFO[0m  src.data.downloader             downloader.py:58  Downloading Binance bulk data: https://data.binance.vision/data/futures/um/monthly/klines/BTCUSDT/1d/BTCUSDT-1d-2023-06.zip
2026-06-05 14:15:37  [32mINFO[0m  src.data.downloader             downloader.py:58  Downloading Binance bulk data: https://data.binance.vision/data/futures/um/monthly/klines/BTCUSDT/1d/BTCUSDT-1d-2023-07.zip
2026-06-05 14:15:37  [32mINFO[0m  src.data.downloader             downloader.py:58  Downloading Binance bulk data: https://data.binance.vision/data/futures/um/monthly/klines/BTCUSDT/1d/BTCUSDT-1d-2023-08.zip
2026-06-05 14:15:37  [32mINFO[0m  src.data.downloader             downloader.py:58  Downloading Binance bulk data: https://data.binance.vision/data/futures/um/monthly/klines/BTCUSDT/1d/BTCUSDT-1d-2023-09.zip
2026-06-05 14:15:38  [32mINFO[0m  src.data.downloader             downloader.py:58  Downloading Binance bulk data: https://data.binance.vision/data/futures/um/monthly/klines/BTCUSDT/1d/BTCUSDT-1d-2023-10.zip
2026-06-05 14:15:38  [32mINFO[0m  src.data.downloader             downloader.py:58  Downloading Binance bulk data: https://data.binance.vision/data/futures/um/monthly/klines/BTCUSDT/1d/BTCUSDT-1d-2023-11.zip
2026-06-05 14:15:39  [32mINFO[0m  src.data.downloader             downloader.py:58  Downloading Binance bulk data: https://data.binance.vision/data/futures/um/monthly/klines/BTCUSDT/1d/BTCUSDT-1d-2023-12.zip
2026-06-05 14:15:40  [32mINFO[0m  src.data.downloader             downloader.py:58  Downloading Binance bulk data: https://data.binance.vision/data/futures/um/monthly/klines/BTCUSDT/1d/BTCUSDT-1d-2024-01.zip
2026-06-05 14:15:40  [32mINFO[0m  src.data.downloader             downloader.py:58  Downloading Binance bulk data: https://data.binance.vision/data/futures/um/monthly/klines/BTCUSDT/1d/BTCUSDT-1d-2024-02.zip
2026-06-05 14:15:41  [32mINFO[0m  src.data.downloader             downloader.py:58  Downloading Binance bulk data: https://data.binance.vision/data/futures/um/monthly/klines/BTCUSDT/1d/BTCUSDT-1d-2024-03.zip
2026-06-05 14:15:41  [32mINFO[0m  src.data.downloader             downloader.py:58  Downloading Binance bulk data: https://data.binance.vision/data/futures/um/monthly/klines/BTCUSDT/1d/BTCUSDT-1d-2024-04.zip
2026-06-05 14:15:41  [32mINFO[0m  src.data.downloader             downloader.py:58  Downloading Binance bulk data: https://data.binance.vision/data/futures/um/monthly/klines/BTCUSDT/1d/BTCUSDT-1d-2024-05.zip
2026-06-05 14:15:42  [32mINFO[0m  src.data.downloader             downloader.py:58  Downloading Binance bulk data: https://data.binance.vision/data/futures/um/monthly/klines/BTCUSDT/1d/BTCUSDT-1d-2024-06.zip
2026-06-05 14:15:42  [32mINFO[0m  src.data.downloader             downloader.py:58  Downloading Binance bulk data: https://data.binance.vision/data/futures/um/monthly/klines/BTCUSDT/1d/BTCUSDT-1d-2024-07.zip
2026-06-05 14:15:42  [32mINFO[0m  src.data.downloader             downloader.py:58  Downloading Binance bulk data: https://data.binance.vision/data/futures/um/monthly/klines/BTCUSDT/1d/BTCUSDT-1d-2024-08.zip
2026-06-05 14:15:43  [32mINFO[0m  src.data.downloader             downloader.py:58  Downloading Binance bulk data: https://data.binance.vision/data/futures/um/monthly/klines/BTCUSDT/1d/BTCUSDT-1d-2024-09.zip
2026-06-05 14:15:43  [32mINFO[0m  src.data.downloader             downloader.py:58  Downloading Binance bulk data: https://data.binance.vision/data/futures/um/monthly/klines/BTCUSDT/1d/BTCUSDT-1d-2024-10.zip
2026-06-05 14:15:44  [32mINFO[0m  src.data.downloader             downloader.py:58  Downloading Binance bulk data: https://data.binance.vision/data/futures/um/monthly/klines/BTCUSDT/1d/BTCUSDT-1d-2024-11.zip
2026-06-05 14:15:44  [32mINFO[0m  src.data.downloader             downloader.py:58  Downloading Binance bulk data: https://data.binance.vision/data/futures/um/monthly/klines/BTCUSDT/1d/BTCUSDT-1d-2024-12.zip
2026-06-05 14:15:45  [32mINFO[0m  src.data.downloader             downloader.py:58  Downloading Binance bulk data: https://data.binance.vision/data/futures/um/monthly/klines/BTCUSDT/1d/BTCUSDT-1d-2025-01.zip
2026-06-05 14:15:46  [32mINFO[0m  src.data.downloader             downloader.py:58  Downloading Binance bulk data: https://data.binance.vision/data/futures/um/monthly/klines/BTCUSDT/1d/BTCUSDT-1d-2025-02.zip
2026-06-05 14:15:46  [32mINFO[0m  src.data.downloader             downloader.py:58  Downloading Binance bulk data: https://data.binance.vision/data/futures/um/monthly/klines/BTCUSDT/1d/BTCUSDT-1d-2025-03.zip
2026-06-05 14:15:46  [32mINFO[0m  src.data.downloader             downloader.py:58  Downloading Binance bulk data: https://data.binance.vision/data/futures/um/monthly/klines/BTCUSDT/1d/BTCUSDT-1d-2025-04.zip
2026-06-05 14:15:47  [32mINFO[0m  src.data.downloader             downloader.py:58  Downloading Binance bulk data: https://data.binance.vision/data/futures/um/monthly/klines/BTCUSDT/1d/BTCUSDT-1d-2025-05.zip
2026-06-05 14:15:47  [32mINFO[0m  src.data.downloader             downloader.py:58  Downloading Binance bulk data: https://data.binance.vision/data/futures/um/monthly/klines/BTCUSDT/1d/BTCUSDT-1d-2025-06.zip
2026-06-05 14:15:47  [32mINFO[0m  src.data.downloader             downloader.py:58  Downloading Binance bulk data: https://data.binance.vision/data/futures/um/monthly/klines/BTCUSDT/1d/BTCUSDT-1d-2025-07.zip
2026-06-05 14:15:48  [32mINFO[0m  src.data.downloader             downloader.py:58  Downloading Binance bulk data: https://data.binance.vision/data/futures/um/monthly/klines/BTCUSDT/1d/BTCUSDT-1d-2025-08.zip
2026-06-05 14:15:48  [32mINFO[0m  src.data.downloader             downloader.py:58  Downloading Binance bulk data: https://data.binance.vision/data/futures/um/monthly/klines/BTCUSDT/1d/BTCUSDT-1d-2025-09.zip
2026-06-05 14:15:48  [32mINFO[0m  src.data.downloader             downloader.py:58  Downloading Binance bulk data: https://data.binance.vision/data/futures/um/monthly/klines/BTCUSDT/1d/BTCUSDT-1d-2025-10.zip
2026-06-05 14:15:49  [32mINFO[0m  src.data.downloader             downloader.py:58  Downloading Binance bulk data: https://data.binance.vision/data/futures/um/monthly/klines/BTCUSDT/1d/BTCUSDT-1d-2025-11.zip
2026-06-05 14:15:49  [32mINFO[0m  src.data.downloader             downloader.py:58  Downloading Binance bulk data: https://data.binance.vision/data/futures/um/monthly/klines/BTCUSDT/1d/BTCUSDT-1d-2025-12.zip
2026-06-05 14:15:50  [32mINFO[0m  src.data.downloader             downloader.py:58  Downloading Binance bulk data: https://data.binance.vision/data/futures/um/monthly/klines/BTCUSDT/1d/BTCUSDT-1d-2026-01.zip
2026-06-05 14:15:50  [32mINFO[0m  src.data.downloader             downloader.py:58  Downloading Binance bulk data: https://data.binance.vision/data/futures/um/monthly/klines/BTCUSDT/1d/BTCUSDT-1d-2026-02.zip
2026-06-05 14:15:51  [32mINFO[0m  src.data.downloader             downloader.py:58  Downloading Binance bulk data: https://data.binance.vision/data/futures/um/monthly/klines/BTCUSDT/1d/BTCUSDT-1d-2026-03.zip
2026-06-05 14:15:51  [32mINFO[0m  src.data.downloader             downloader.py:58  Downloading Binance bulk data: https://data.binance.vision/data/futures/um/monthly/klines/BTCUSDT/1d/BTCUSDT-1d-2026-04.zip
2026-06-05 14:15:52  [32mINFO[0m  src.data.downloader             downloader.py:58  Downloading Binance bulk data: https://data.binance.vision/data/futures/um/monthly/klines/BTCUSDT/1d/BTCUSDT-1d-2026-05.zip
2026-06-05 14:15:52  [32mINFO[0m  src.data.downloader             downloader.py:58  Downloading Binance bulk data: https://data.binance.vision/data/futures/um/monthly/klines/BTCUSDT/1d/BTCUSDT-1d-2026-06.zip
2026-06-05 14:15:52  [33mWARNING[0m  src.data.downloader             downloader.py:150  Bulk file unavailable for 2026-06; using CCXT fallback
2026-06-05 14:15:55  [32mINFO[0m  quant.download                  app.py:465  Download done  job=3474d04c-7aae-444e-8ce4-ed3c55e10fd9  دانلود BTCUSDT کامل شد (3 تایم‌فریم)
2026-06-05 14:16:42  [32mINFO[0m  src.web.app                     app.py:92  GET /api/inventory → 200  (72 ms)
2026-06-05 14:16:42  [32mINFO[0m  src.web.app                     app.py:92  GET /api/jobs → 200  (1 ms)
2026-06-05 14:16:57  [32mINFO[0m  src.web.app                     app.py:92  POST /api/research → 200  (2 ms)
2026-06-05 14:16:57  [32mINFO[0m  quant.research                  app.py:474  Research started  job=8f2bd4e7-463a-4d86-a649-84f16934b2ae  datasets=2  strategies=['ema_trend', 'rsi_mean_reversion', 'bollinger_mean_reversion', 'donchian_breakout', 'atr_breakout', 'macd_cross', 'stochastic_mr']
2026-06-05 14:16:57  [32mINFO[0m  quant.research                  app.py:578  Research done  job=8f2bd4e7-463a-4d86-a649-84f16934b2ae  ریسرچ کامل شد — 2 دیتاست، 7 استراتژی
2026-06-05 14:16:58  [32mINFO[0m  src.web.app                     app.py:92  GET /api/jobs/8f2bd4e7-463a-4d86-a649-84f16934b2ae/result → 200  (6 ms)
2026-06-05 14:24:44  [32mINFO[0m  src.web.app                     app.py:92  GET / → 200  (1 ms)
2026-06-05 14:24:44  [32mINFO[0m  src.web.app                     app.py:92  GET /api/exchanges → 200  (1 ms)
2026-06-05 14:24:44  [32mINFO[0m  src.web.app                     app.py:92  GET /api/symbols/nobitex → 200  (1 ms)
2026-06-05 14:24:44  [32mINFO[0m  src.web.app                     app.py:92  GET /api/inventory → 200  (73 ms)
2026-06-05 14:24:47  [32mINFO[0m  src.web.app                     app.py:92  GET /api/insights → 200  (78 ms)
2026-06-05 14:24:49  [32mINFO[0m  src.web.app                     app.py:92  GET /api/logs → 200  (7 ms)
2026-06-05 14:24:52  [32mINFO[0m  src.web.app                     app.py:92  GET /api/insights → 200  (70 ms)
2026-06-05 14:26:13  [32mINFO[0m  src.web.app                     app.py:92  POST /api/insights/detailed → 200  (77351 ms)
2026-06-05 14:48:46  [32mINFO[0m  src.web.app                     app.py:92  GET /api/inventory → 200  (71 ms)
2026-06-05 14:49:03  [32mINFO[0m  src.web.app                     app.py:92  GET /api/symbols/bybit → 200  (5835 ms)
2026-06-05 14:49:08  [32mINFO[0m  src.web.app                     app.py:92  POST /api/download → 200  (2 ms)
2026-06-05 14:49:08  [32mINFO[0m  quant.download                  app.py:424  Download started  job=e298f39b-6d62-409f-a60b-2b80d6f90b1d  exchange=bybit  symbol=BTCUSDT  market=futures  tfs=['15m']
2026-06-05 14:49:08  [32mINFO[0m  quant.download                  app.py:437    [1/1] دانلود BTCUSDT 15m (futures) از bybit...
2026-06-05 14:49:08  [32mINFO[0m  src.data.downloader             downloader.py:58  Downloading Binance bulk data: https://data.binance.vision/data/spot/monthly/klines/BTCUSDT/15m/BTCUSDT-15m-2023-01.zip
2026-06-05 14:49:08  [32mINFO[0m  src.web.app                     app.py:92  GET /api/jobs → 200  (2 ms)
2026-06-05 14:49:09  [32mINFO[0m  src.data.downloader             downloader.py:58  Downloading Binance bulk data: https://data.binance.vision/data/spot/monthly/klines/BTCUSDT/15m/BTCUSDT-15m-2023-02.zip
2026-06-05 14:49:10  [32mINFO[0m  src.data.downloader             downloader.py:58  Downloading Binance bulk data: https://data.binance.vision/data/spot/monthly/klines/BTCUSDT/15m/BTCUSDT-15m-2023-03.zip
2026-06-05 14:49:11  [32mINFO[0m  src.data.downloader             downloader.py:58  Downloading Binance bulk data: https://data.binance.vision/data/spot/monthly/klines/BTCUSDT/15m/BTCUSDT-15m-2023-04.zip
2026-06-05 14:49:12  [32mINFO[0m  src.data.downloader             downloader.py:58  Downloading Binance bulk data: https://data.binance.vision/data/spot/monthly/klines/BTCUSDT/15m/BTCUSDT-15m-2023-05.zip
2026-06-05 14:49:13  [32mINFO[0m  src.data.downloader             downloader.py:58  Downloading Binance bulk data: https://data.binance.vision/data/spot/monthly/klines/BTCUSDT/15m/BTCUSDT-15m-2023-06.zip
2026-06-05 14:49:14  [32mINFO[0m  src.data.downloader             downloader.py:58  Downloading Binance bulk data: https://data.binance.vision/data/spot/monthly/klines/BTCUSDT/15m/BTCUSDT-15m-2023-07.zip
2026-06-05 14:49:15  [32mINFO[0m  src.data.downloader             downloader.py:58  Downloading Binance bulk data: https://data.binance.vision/data/spot/monthly/klines/BTCUSDT/15m/BTCUSDT-15m-2023-08.zip
2026-06-05 14:49:15  [32mINFO[0m  src.data.downloader             downloader.py:58  Downloading Binance bulk data: https://data.binance.vision/data/spot/monthly/klines/BTCUSDT/15m/BTCUSDT-15m-2023-09.zip
2026-06-05 14:49:17  [32mINFO[0m  src.data.downloader             downloader.py:58  Downloading Binance bulk data: https://data.binance.vision/data/spot/monthly/klines/BTCUSDT/15m/BTCUSDT-15m-2023-10.zip
2026-06-05 14:49:18  [32mINFO[0m  src.data.downloader             downloader.py:58  Downloading Binance bulk data: https://data.binance.vision/data/spot/monthly/klines/BTCUSDT/15m/BTCUSDT-15m-2023-11.zip
2026-06-05 14:49:19  [32mINFO[0m  src.data.downloader             downloader.py:58  Downloading Binance bulk data: https://data.binance.vision/data/spot/monthly/klines/BTCUSDT/15m/BTCUSDT-15m-2023-12.zip
2026-06-05 14:49:21  [32mINFO[0m  src.data.downloader             downloader.py:58  Downloading Binance bulk data: https://data.binance.vision/data/spot/monthly/klines/BTCUSDT/15m/BTCUSDT-15m-2024-01.zip
2026-06-05 14:49:21  [32mINFO[0m  src.data.downloader             downloader.py:58  Downloading Binance bulk data: https://data.binance.vision/data/spot/monthly/klines/BTCUSDT/15m/BTCUSDT-15m-2024-02.zip
2026-06-05 14:49:22  [32mINFO[0m  src.data.downloader             downloader.py:58  Downloading Binance bulk data: https://data.binance.vision/data/spot/monthly/klines/BTCUSDT/15m/BTCUSDT-15m-2024-03.zip
2026-06-05 14:49:23  [32mINFO[0m  src.data.downloader             downloader.py:58  Downloading Binance bulk data: https://data.binance.vision/data/spot/monthly/klines/BTCUSDT/15m/BTCUSDT-15m-2024-04.zip
2026-06-05 14:49:24  [32mINFO[0m  src.data.downloader             downloader.py:58  Downloading Binance bulk data: https://data.binance.vision/data/spot/monthly/klines/BTCUSDT/15m/BTCUSDT-15m-2024-05.zip
2026-06-05 14:49:25  [32mINFO[0m  src.data.downloader             downloader.py:58  Downloading Binance bulk data: https://data.binance.vision/data/spot/monthly/klines/BTCUSDT/15m/BTCUSDT-15m-2024-06.zip
2026-06-05 14:49:26  [32mINFO[0m  src.data.downloader             downloader.py:58  Downloading Binance bulk data: https://data.binance.vision/data/spot/monthly/klines/BTCUSDT/15m/BTCUSDT-15m-2024-07.zip
2026-06-05 14:49:27  [32mINFO[0m  src.data.downloader             downloader.py:58  Downloading Binance bulk data: https://data.binance.vision/data/spot/monthly/klines/BTCUSDT/15m/BTCUSDT-15m-2024-08.zip
2026-06-05 14:49:28  [32mINFO[0m  src.data.downloader             downloader.py:58  Downloading Binance bulk data: https://data.binance.vision/data/spot/monthly/klines/BTCUSDT/15m/BTCUSDT-15m-2024-09.zip
2026-06-05 14:49:28  [32mINFO[0m  src.data.downloader             downloader.py:58  Downloading Binance bulk data: https://data.binance.vision/data/spot/monthly/klines/BTCUSDT/15m/BTCUSDT-15m-2024-10.zip
2026-06-05 14:49:29  [32mINFO[0m  src.data.downloader             downloader.py:58  Downloading Binance bulk data: https://data.binance.vision/data/spot/monthly/klines/BTCUSDT/15m/BTCUSDT-15m-2024-11.zip
2026-06-05 14:49:30  [32mINFO[0m  src.data.downloader             downloader.py:58  Downloading Binance bulk data: https://data.binance.vision/data/spot/monthly/klines/BTCUSDT/15m/BTCUSDT-15m-2024-12.zip
2026-06-05 14:49:31  [32mINFO[0m  src.data.downloader             downloader.py:58  Downloading Binance bulk data: https://data.binance.vision/data/spot/monthly/klines/BTCUSDT/15m/BTCUSDT-15m-2025-01.zip
2026-06-05 14:49:32  [32mINFO[0m  src.data.downloader             downloader.py:58  Downloading Binance bulk data: https://data.binance.vision/data/spot/monthly/klines/BTCUSDT/15m/BTCUSDT-15m-2025-02.zip
2026-06-05 14:49:33  [32mINFO[0m  src.data.downloader             downloader.py:58  Downloading Binance bulk data: https://data.binance.vision/data/spot/monthly/klines/BTCUSDT/15m/BTCUSDT-15m-2025-03.zip
2026-06-05 14:49:33  [32mINFO[0m  src.data.downloader             downloader.py:58  Downloading Binance bulk data: https://data.binance.vision/data/spot/monthly/klines/BTCUSDT/15m/BTCUSDT-15m-2025-04.zip
2026-06-05 14:49:34  [32mINFO[0m  src.data.downloader             downloader.py:58  Downloading Binance bulk data: https://data.binance.vision/data/spot/monthly/klines/BTCUSDT/15m/BTCUSDT-15m-2025-05.zip
2026-06-05 14:49:35  [32mINFO[0m  src.data.downloader             downloader.py:58  Downloading Binance bulk data: https://data.binance.vision/data/spot/monthly/klines/BTCUSDT/15m/BTCUSDT-15m-2025-06.zip
2026-06-05 14:49:35  [32mINFO[0m  src.data.downloader             downloader.py:58  Downloading Binance bulk data: https://data.binance.vision/data/spot/monthly/klines/BTCUSDT/15m/BTCUSDT-15m-2025-07.zip
2026-06-05 14:49:37  [32mINFO[0m  src.data.downloader             downloader.py:58  Downloading Binance bulk data: https://data.binance.vision/data/spot/monthly/klines/BTCUSDT/15m/BTCUSDT-15m-2025-08.zip
2026-06-05 14:49:38  [32mINFO[0m  src.data.downloader             downloader.py:58  Downloading Binance bulk data: https://data.binance.vision/data/spot/monthly/klines/BTCUSDT/15m/BTCUSDT-15m-2025-09.zip
2026-06-05 14:49:39  [32mINFO[0m  src.data.downloader             downloader.py:58  Downloading Binance bulk data: https://data.binance.vision/data/spot/monthly/klines/BTCUSDT/15m/BTCUSDT-15m-2025-10.zip
2026-06-05 14:49:40  [32mINFO[0m  src.data.downloader             downloader.py:58  Downloading Binance bulk data: https://data.binance.vision/data/spot/monthly/klines/BTCUSDT/15m/BTCUSDT-15m-2025-11.zip
2026-06-05 14:49:41  [32mINFO[0m  src.data.downloader             downloader.py:58  Downloading Binance bulk data: https://data.binance.vision/data/spot/monthly/klines/BTCUSDT/15m/BTCUSDT-15m-2025-12.zip
2026-06-05 14:49:42  [32mINFO[0m  src.data.downloader             downloader.py:58  Downloading Binance bulk data: https://data.binance.vision/data/spot/monthly/klines/BTCUSDT/15m/BTCUSDT-15m-2026-01.zip
2026-06-05 14:49:42  [32mINFO[0m  src.data.downloader             downloader.py:58  Downloading Binance bulk data: https://data.binance.vision/data/spot/monthly/klines/BTCUSDT/15m/BTCUSDT-15m-2026-02.zip
2026-06-05 14:49:43  [32mINFO[0m  src.data.downloader             downloader.py:58  Downloading Binance bulk data: https://data.binance.vision/data/spot/monthly/klines/BTCUSDT/15m/BTCUSDT-15m-2026-03.zip
2026-06-05 14:49:45  [32mINFO[0m  src.data.downloader             downloader.py:58  Downloading Binance bulk data: https://data.binance.vision/data/spot/monthly/klines/BTCUSDT/15m/BTCUSDT-15m-2026-04.zip
2026-06-05 14:49:45  [32mINFO[0m  src.data.downloader             downloader.py:58  Downloading Binance bulk data: https://data.binance.vision/data/spot/monthly/klines/BTCUSDT/15m/BTCUSDT-15m-2026-05.zip
2026-06-05 14:49:46  [32mINFO[0m  src.data.downloader             downloader.py:58  Downloading Binance bulk data: https://data.binance.vision/data/spot/monthly/klines/BTCUSDT/15m/BTCUSDT-15m-2026-06.zip
2026-06-05 14:49:47  [33mWARNING[0m  src.data.downloader             downloader.py:150  Bulk file unavailable for 2026-06; using CCXT fallback
2026-06-05 14:49:50  [32mINFO[0m  quant.download                  app.py:465  Download done  job=e298f39b-6d62-409f-a60b-2b80d6f90b1d  دانلود BTCUSDT کامل شد (1 تایم‌فریم)
2026-06-05 14:49:50  [32mINFO[0m  src.web.app                     app.py:92  GET /api/inventory → 200  (93 ms)
2026-06-05 14:49:51  [32mINFO[0m  src.web.app                     app.py:92  GET /api/jobs → 200  (1 ms)
2026-06-05 15:12:19  [32mINFO[0m  src.web.app                     app.py:92  POST /api/research → 200  (1 ms)
2026-06-05 15:12:19  [32mINFO[0m  quant.research                  app.py:474  Research started  job=2fe06601-3b7b-47d5-b493-8a8011439941  datasets=1  strategies=['ema_trend', 'rsi_mean_reversion', 'bollinger_mean_reversion', 'donchian_breakout', 'atr_breakout', 'macd_cross', 'stochastic_mr', 'ml_signal']
2026-06-05 15:13:01  [32mINFO[0m  quant.research                  app.py:578  Research done  job=2fe06601-3b7b-47d5-b493-8a8011439941  ریسرچ کامل شد — 1 دیتاست، 8 استراتژی
2026-06-05 15:13:01  [32mINFO[0m  src.web.app                     app.py:92  GET /api/jobs/2fe06601-3b7b-47d5-b493-8a8011439941/result → 200  (9 ms)
2026-06-05 15:18:14  [32mINFO[0m  src.web.app                     app.py:92  GET /api/insights → 200  (95 ms)
2026-06-05 15:26:08  [32mINFO[0m  src.logging_config              logging_config.py:85  Logging initialised — level=INFO  log_dir=/home/h0551user/Quant_research/logs
2026-06-05 15:26:56  [32mINFO[0m  src.logging_config              logging_config.py:85  Logging initialised — level=INFO  log_dir=/home/h0551user/Quant_research/logs
2026-06-05 15:27:15  [32mINFO[0m  src.logging_config              logging_config.py:85  Logging initialised — level=INFO  log_dir=/home/h0551user/Quant_research/logs
2026-06-05 15:27:37  [32mINFO[0m  src.logging_config              logging_config.py:85  Logging initialised — level=INFO  log_dir=/home/h0551user/Quant_research/logs
2026-06-05 15:30:21  [32mINFO[0m  src.logging_config              logging_config.py:85  Logging initialised — level=INFO  log_dir=/home/h0551user/Quant_research/logs
2026-06-05 15:30:54  [32mINFO[0m  src.logging_config              logging_config.py:85  Logging initialised — level=INFO  log_dir=/home/h0551user/Quant_research/logs
2026-06-05 15:32:23  [32mINFO[0m  src.logging_config              logging_config.py:85  Logging initialised — level=INFO  log_dir=/home/h0551user/Quant_research/logs
2026-06-05 15:32:50  [32mINFO[0m  src.logging_config              logging_config.py:85  Logging initialised — level=INFO  log_dir=/home/h0551user/Quant_research/logs
2026-06-05 15:33:13  [32mINFO[0m  src.logging_config              logging_config.py:85  Logging initialised — level=INFO  log_dir=/home/h0551user/Quant_research/logs
2026-06-05 15:33:37  [32mINFO[0m  src.logging_config              logging_config.py:85  Logging initialised — level=INFO  log_dir=/home/h0551user/Quant_research/logs
2026-06-05 15:36:06  [32mINFO[0m  src.logging_config              logging_config.py:85  Logging initialised — level=INFO  log_dir=/home/h0551user/Quant_research/logs
